<?xml version="1.0" encoding="UTF-8"?>
<!-- Generated by org.testng.reporters.JUnitXMLReporter -->
<testsuite ignored="10" hostname="DESKTOP-FOFEJ5M" failures="0" tests="6" name="Test" time="31.239" errors="0" timestamp="2023-06-15T01:11:24 IST">
  <testcase classname="Test_Package.TC_18_Login_with_performance_glitch_user" name="Login_with_valid_UserName_and_Valid_Password" time="10.994"/>
  <testcase classname="Test_Package.TC_19_Sort_the_products_in_price_low_to_high_order_perfromance" name="Sort_the_products_in_price_low_to_high_order_perfromance" time="8.978"/>
  <testcase classname="Test_Package.TC_20_Add_all_items_Performance" name="Add_all_items" time="1.602"/>
  <testcase classname="Test_Package.TC_21_remove_items_that_have_a_price_less_Performance" name="add_all_items" time="0.509"/>
  <testcase classname="Test_Package.TC_22_Checkout_button_Performance" name="add_all_items" time="3.022"/>
  <testcase classname="Test_Package.TC_23_Information_Page_Enter_Details_Performance" name="Information_Page_Enter_Details" time="6.005"/>
  <testcase classname="Common.BaseClass" name="@BeforeSuite initdriver" time="0.0">
    <ignored/>
  </testcase> <!-- @BeforeSuite initdriver -->
  <testcase classname="Common.BaseClass" name="@BeforeSuite initdriver" time="0.0">
    <ignored/>
  </testcase> <!-- @BeforeSuite initdriver -->
  <testcase classname="Common.BaseClass" name="@BeforeSuite initdriver" time="0.0">
    <ignored/>
  </testcase> <!-- @BeforeSuite initdriver -->
  <testcase classname="Common.BaseClass" name="@BeforeSuite initdriver" time="0.0">
    <ignored/>
  </testcase> <!-- @BeforeSuite initdriver -->
  <testcase classname="Common.BaseClass" name="@BeforeSuite initdriver" time="0.0">
    <ignored/>
  </testcase> <!-- @BeforeSuite initdriver -->
  <testcase classname="Common.BaseClass" name="@AfterSuite driverclose" time="0.0">
    <ignored/>
  </testcase> <!-- @AfterSuite driverclose -->
  <testcase classname="Common.BaseClass" name="@AfterSuite driverclose" time="0.0">
    <ignored/>
  </testcase> <!-- @AfterSuite driverclose -->
  <testcase classname="Common.BaseClass" name="@AfterSuite driverclose" time="0.0">
    <ignored/>
  </testcase> <!-- @AfterSuite driverclose -->
  <testcase classname="Common.BaseClass" name="@AfterSuite driverclose" time="0.0">
    <ignored/>
  </testcase> <!-- @AfterSuite driverclose -->
  <testcase classname="Common.BaseClass" name="@AfterSuite driverclose" time="0.0">
    <ignored/>
  </testcase> <!-- @AfterSuite driverclose -->
</testsuite> <!-- Test -->
